<?xml version="1.0" encoding="UTF-8"?>
<!-- Generated by org.testng.reporters.JUnitReportReporter -->
<testsuite hostname="Satyajit-PC" name="Testngpackage.Demo2" tests="2" failures="0" timestamp="23 Dec 2015 16:30:07 GMT" time="12.045" errors="0">
  <testcase name="Login" time="12.043" classname="Testngpackage.Demo2"/>
  <testcase name="log" time="0.002" classname="Testngpackage.Demo2"/>
</testsuite> <!-- Testngpackage.Demo2 -->
