<?xml version="1.0" encoding="UTF-8"?>
<!-- Generated by org.testng.reporters.JUnitReportReporter -->
<testsuite hostname="USER-VAIO" name="Testngpackage.Codeforwritebacktoexcelsheet" tests="1" failures="0" timestamp="26 Nov 2014 13:04:03 GMT" time="7.002" errors="0">
  <testcase name="createcustomer" time="7.002" classname="Testngpackage.Codeforwritebacktoexcelsheet"/>
</testsuite> <!-- Testngpackage.Codeforwritebacktoexcelsheet -->
