<?xml version="1.0" encoding="UTF-8"?>
<!-- Generated by org.testng.reporters.JUnitReportReporter -->
<testsuite hostname="Satyajit-PC" name="Testngpackage.Importdatafromexcel" tests="1" failures="0" timestamp="9 Jan 2016 07:31:50 GMT" time="1.435" errors="0">
  <testcase name="createcustomer" time="1.435" classname="Testngpackage.Importdatafromexcel"/>
</testsuite> <!-- Testngpackage.Importdatafromexcel -->
