<?xml version="1.0" encoding="UTF-8"?>
<!-- Generated by org.testng.reporters.JUnitReportReporter -->
<testsuite hostname="USER-VAIO" name="Testngpackage.Testng1" tests="2" failures="0" timestamp="19 Feb 2015 07:01:57 GMT" time="20.880" errors="0">
  <testcase name="f1" time="0.000" classname="Testngpackage.Testng1"/>
  <testcase name="f" time="20.880" classname="Testngpackage.Testng1"/>
</testsuite> <!-- Testngpackage.Testng1 -->
