<?xml version="1.0" encoding="UTF-8"?>
<!-- Generated by org.testng.reporters.JUnitReportReporter -->
<testsuite hostname="SATYAJIT-PC" name="Testngpackage.Rowcount" tests="1" failures="0" timestamp="18 Nov 2016 06:02:40 GMT" time="1.576" errors="0">
  <testcase name="createcustomer" time="1.576" classname="Testngpackage.Rowcount"/>
</testsuite> <!-- Testngpackage.Rowcount -->
