<?xml version="1.0" encoding="UTF-8"?>
<!-- Generated by org.testng.reporters.JUnitReportReporter -->
<testsuite hostname="USER-VAIO" name="Testngpackage.Dataprovider" tests="2" failures="0" timestamp="10 Sep 2015 09:40:50 GMT" time="43.372" errors="0">
  <testcase name="CreateAccountTest" time="21.016" classname="Testngpackage.Dataprovider"/>
  <testcase name="CreateAccountTest" time="22.356" classname="Testngpackage.Dataprovider"/>
</testsuite> <!-- Testngpackage.Dataprovider -->
