<?xml version="1.0" encoding="UTF-8"?>
<!-- Generated by org.testng.reporters.JUnitReportReporter -->
<testsuite hostname="Satyajit-PC" name="bubun.NormalTestNg" tests="1" failures="0" timestamp="23 Dec 2015 14:27:30 GMT" time="19.787" errors="0">
  <testcase name="hari" time="19.787" classname="bubun.NormalTestNg"/>
</testsuite> <!-- bubun.NormalTestNg -->
