<?xml version="1.0" encoding="UTF-8"?>
<!-- Generated by org.testng.reporters.JUnitReportReporter -->
<testsuite hostname="USER-VAIO" name="Testngpackage.BF" tests="1" failures="0" timestamp="7 Jul 2015 12:07:05 GMT" time="0.046" errors="0">
  <testcase name="xdf" time="0.046" classname="Testngpackage.BF"/>
</testsuite> <!-- Testngpackage.BF -->
