<?xml version="1.0" encoding="UTF-8"?>
<!-- Generated by org.testng.reporters.JUnitReportReporter -->
<testsuite hostname="USER-VAIO" name="Testngpackage.Logintoactitime1" tests="6" failures="0" timestamp="25 Oct 2014 14:32:07 GMT" time="19.327" errors="0">
  <testcase name="login1" time="19.296" classname="Testngpackage.Logintoactitime1"/>
  <testcase name="CreateAccountTest" time="0.002" classname="Testngpackage.Logintoactitime1"/>
  <testcase name="CreateAccountTest" time="0.001" classname="Testngpackage.Logintoactitime1"/>
  <testcase name="CreateAccountTest" time="0.002" classname="Testngpackage.Logintoactitime1"/>
  <testcase name="CreateAccountTest" time="0.024" classname="Testngpackage.Logintoactitime1"/>
  <testcase name="CreateAccountTest" time="0.002" classname="Testngpackage.Logintoactitime1"/>
</testsuite> <!-- Testngpackage.Logintoactitime1 -->
