<?xml version="1.0" encoding="UTF-8"?>
<!-- Generated by org.testng.reporters.JUnitReportReporter -->
<testsuite hostname="USER-VAIO" name="bubun.GmailAutoit" tests="1" failures="0" timestamp="14 Sep 2015 07:31:59 GMT" time="43.777" errors="0">
  <testcase name="xyz" time="43.777" classname="bubun.GmailAutoit"/>
</testsuite> <!-- bubun.GmailAutoit -->
