<?xml version="1.0" encoding="UTF-8"?>
<!-- Generated by org.testng.reporters.JUnitReportReporter -->
<testsuite hostname="Satyajit-PC" name="Testngpackage.Demo1" tests="1" failures="0" timestamp="23 Dec 2015 15:28:24 GMT" time="0.002" errors="0">
  <testcase name="yvc" time="0.002" classname="Testngpackage.Demo1"/>
</testsuite> <!-- Testngpackage.Demo1 -->
